<?xml version="1.0" encoding="UTF-8"?>
<!-- Generated by org.testng.reporters.JUnitReportReporter -->
<testsuite hostname="VIJAYN-2K8M4500" name="FirstSeleniumExercise.msntestcases" tests="1" failures="0" timestamp="14 Feb 2014 09:11:29 GMT" time="0.008" errors="0">
  <testcase name="testcase1" time="0.008" classname="FirstSeleniumExercise.msntestcases"/>
</testsuite> <!-- FirstSeleniumExercise.msntestcases -->
