<?xml version="1.0" encoding="UTF-8"?>
<!-- Generated by org.testng.reporters.JUnitReportReporter -->
<testsuite hostname="VIJAYN-2K8M4500" name="FirstSeleniumExercise.msntestcases" tests="8" failures="0" timestamp="18 Feb 2014 00:57:51 GMT" time="94.360" errors="0">
  <testcase name="testcase3" time="1.031" classname="FirstSeleniumExercise.msntestcases"/>
  <testcase name="testcase1" time="3.252" classname="FirstSeleniumExercise.msntestcases"/>
  <testcase name="testcase8" time="54.096" classname="FirstSeleniumExercise.msntestcases"/>
  <testcase name="testcase6" time="9.490" classname="FirstSeleniumExercise.msntestcases"/>
  <testcase name="testcase4" time="0.828" classname="FirstSeleniumExercise.msntestcases"/>
  <testcase name="testcase5" time="11.742" classname="FirstSeleniumExercise.msntestcases"/>
  <testcase name="testcase2" time="1.103" classname="FirstSeleniumExercise.msntestcases"/>
  <testcase name="testcase7" time="12.818" classname="FirstSeleniumExercise.msntestcases"/>
</testsuite> <!-- FirstSeleniumExercise.msntestcases -->
