<?xml version="1.0" encoding="UTF-8"?>
<!-- Generated by org.testng.reporters.JUnitReportReporter -->
<testsuite hostname="VIJAYN-2K8M4500" name="FirstSeleniumExercise.msntestcases" tests="6" failures="0" timestamp="16 Feb 2014 11:10:00 GMT" time="30.128" errors="0">
  <testcase name="testcase3" time="1.084" classname="FirstSeleniumExercise.msntestcases"/>
  <testcase name="testcase5" time="12.013" classname="FirstSeleniumExercise.msntestcases"/>
  <testcase name="testcase6" time="11.136" classname="FirstSeleniumExercise.msntestcases"/>
  <testcase name="testcase2" time="1.090" classname="FirstSeleniumExercise.msntestcases"/>
  <testcase name="testcase4" time="0.965" classname="FirstSeleniumExercise.msntestcases"/>
  <testcase name="testcase1" time="3.840" classname="FirstSeleniumExercise.msntestcases"/>
</testsuite> <!-- FirstSeleniumExercise.msntestcases -->
